#
# There is insufficient memory for the Java Runtime Environment to continue.
# Native memory allocation (malloc) failed to allocate 1048576 bytes for AllocateHeap
# Possible reasons:
#   The system is out of physical RAM or swap space
#   The process is running with CompressedOops enabled, and the Java Heap may be blocking the growth of the native heap
# Possible solutions:
#   Reduce memory load on the system
#   Increase physical memory or swap space
#   Check if swap backing store is full
#   Decrease Java heap size (-Xmx/-Xms)
#   Decrease number of Java threads
#   Decrease Java thread stack sizes (-Xss)
#   Set larger code cache with -XX:ReservedCodeCacheSize=
#   JVM is running with Unscaled Compressed Oops mode in which the Java heap is
#     placed in the first 4GB address space. The Java Heap base address is the
#     maximum limit for the native heap growth. Please use -XX:HeapBaseMinAddress
#     to set the Java Heap base and to place the Java Heap above 4GB virtual address.
# This output file may be truncated or incomplete.
#
#  Out of Memory Error (./src/hotspot/share/memory/allocation.cpp:46), pid=16972, tid=18412
#
# JRE version: OpenJDK Runtime Environment (11.0.10) (build 11.0.10+0-b96-7249189)
# Java VM: OpenJDK 64-Bit Server VM (11.0.10+0-b96-7249189, mixed mode, tiered, compressed oops, g1 gc, windows-amd64)
# No core dump will be written. Minidumps are not enabled by default on client versions of Windows
#

---------------  S U M M A R Y ------------

Command Line: --add-opens=java.base/java.util=ALL-UNNAMED --add-opens=java.base/java.lang=ALL-UNNAMED --add-opens=java.base/java.lang.invoke=ALL-UNNAMED --add-opens=java.base/java.util=ALL-UNNAMED --add-opens=java.prefs/java.util.prefs=ALL-UNNAMED --add-opens=java.prefs/java.util.prefs=ALL-UNNAMED --add-opens=java.base/java.nio.charset=ALL-UNNAMED --add-opens=java.base/java.net=ALL-UNNAMED --add-opens=java.base/java.util.concurrent.atomic=ALL-UNNAMED -Xmx2048m -Dfile.encoding=UTF-8 -Duser.country=US -Duser.language=en -Duser.variant org.gradle.launcher.daemon.bootstrap.GradleDaemon 7.0.2

Host: Intel(R) Core(TM) i5-8300H CPU @ 2.30GHz, 8 cores, 15G,  Windows 10 , 64 bit Build 19041 (10.0.19041.1466)
Time: Fri Feb  4 23:09:44 2022 SE Asia Standard Time elapsed time: 12.669406 seconds (0d 0h 0m 12s)

---------------  T H R E A D  ---------------

Current thread (0x0000024d2cb87000):  VMThread "VM Thread" [stack: 0x000000f98a900000,0x000000f98aa00000] [id=18412]

Stack: [0x000000f98a900000,0x000000f98aa00000]
[error occurred during error reporting (printing stack bounds), id 0xc0000005, EXCEPTION_ACCESS_VIOLATION (0xc0000005) at pc=0x0000024d159b0f2d]

Native frames: (J=compiled Java code, j=interpreted, Vv=VM code, C=native code)
V  [jvm.dll+0x5ecfaa]
V  [jvm.dll+0x722bd5]
V  [jvm.dll+0x72412d]
V  [jvm.dll+0x724745]
V  [jvm.dll+0x7246fb]
V  [jvm.dll+0x5ec348]
V  [jvm.dll+0x5ecad8]
C  [ntdll.dll+0xa20cf]
C  [ntdll.dll+0x51454]
C  [ntdll.dll+0xa0bfe]
C  0x0000024d159b0f2d

VM_Operation (0x000000f98dcfa010): CollectForMetadataAllocation, mode: safepoint, requested by thread 0x0000024d33b3f800


---------------  P R O C E S S  ---------------

Threads class SMR info:
_java_thread_list=0x0000024d32f843c0, length=46, elements={
0x0000024d11ec3800, 0x0000024d2cb8b000, 0x0000024d2cb8e800, 0x0000024d2cbec000,
0x0000024d2cbed000, 0x0000024d2cbef000, 0x0000024d2cbfd000, 0x0000024d2cbff800,
0x0000024d2cc0f800, 0x0000024d2cd61800, 0x0000024d2e1d9800, 0x0000024d2cf5e800,
0x0000024d2ceae800, 0x0000024d2eaa2800, 0x0000024d2f9fe800, 0x0000024d30066000,
0x0000024d2eb1e000, 0x0000024d2e112000, 0x0000024d2e164800, 0x0000024d2f842000,
0x0000024d2f840800, 0x0000024d2f843000, 0x0000024d2f83f000, 0x0000024d2f843800,
0x0000024d2f83f800, 0x0000024d2f841800, 0x0000024d2f83e000, 0x0000024d2f844800,
0x0000024d2fcf1000, 0x0000024d2fcf3800, 0x0000024d2fcf0800, 0x0000024d2fcf3000,
0x0000024d2fcf4800, 0x0000024d2fcf6000, 0x0000024d2fcfa000, 0x0000024d2fcfb000,
0x0000024d2fcfc000, 0x0000024d2fcfc800, 0x0000024d2fcf8000, 0x0000024d2fcf8800,
0x0000024d2fcf7000, 0x0000024d2fcf9800, 0x0000024d33b3f800, 0x0000024d33b3b800,
0x0000024d33b3f000, 0x0000024d33b3d000
}

Java Threads: ( => current thread )
  0x0000024d11ec3800 JavaThread "main" [_thread_blocked, id=12240, stack(0x000000f98a300000,0x000000f98a400000)]
  0x0000024d2cb8b000 JavaThread "Reference Handler" daemon [_thread_blocked, id=7556, stack(0x000000f98aa00000,0x000000f98ab00000)]
  0x0000024d2cb8e800 JavaThread "Finalizer" daemon [_thread_blocked, id=996, stack(0x000000f98ab00000,0x000000f98ac00000)]
  0x0000024d2cbec000 JavaThread "Signal Dispatcher" daemon [_thread_blocked, id=3600, stack(0x000000f98ac00000,0x000000f98ad00000)]
  0x0000024d2cbed000 JavaThread "Attach Listener" daemon [_thread_blocked, id=16016, stack(0x000000f98ad00000,0x000000f98ae00000)]
  0x0000024d2cbef000 JavaThread "Service Thread" daemon [_thread_blocked, id=19620, stack(0x000000f98ae00000,0x000000f98af00000)]
  0x0000024d2cbfd000 JavaThread "C2 CompilerThread0" daemon [_thread_blocked, id=18364, stack(0x000000f98af00000,0x000000f98b000000)]
  0x0000024d2cbff800 JavaThread "C1 CompilerThread0" daemon [_thread_blocked, id=19844, stack(0x000000f98b000000,0x000000f98b100000)]
  0x0000024d2cc0f800 JavaThread "Sweeper thread" daemon [_thread_blocked, id=6528, stack(0x000000f98b100000,0x000000f98b200000)]
  0x0000024d2cd61800 JavaThread "Common-Cleaner" daemon [_thread_blocked, id=18488, stack(0x000000f98b200000,0x000000f98b300000)]
  0x0000024d2e1d9800 JavaThread "Daemon health stats" [_thread_blocked, id=4184, stack(0x000000f98bb00000,0x000000f98bc00000)]
  0x0000024d2cf5e800 JavaThread "Incoming local TCP Connector on port 63640" [_thread_in_native, id=11344, stack(0x000000f98b400000,0x000000f98b500000)]
  0x0000024d2ceae800 JavaThread "Daemon periodic checks" [_thread_blocked, id=1100, stack(0x000000f98b500000,0x000000f98b600000)]
  0x0000024d2eaa2800 JavaThread "Daemon" [_thread_blocked, id=14804, stack(0x000000f98bc00000,0x000000f98bd00000)]
  0x0000024d2f9fe800 JavaThread "Handler for socket connection from /127.0.0.1:63640 to /127.0.0.1:63641" [_thread_in_native, id=14576, stack(0x000000f98bd00000,0x000000f98be00000)]
  0x0000024d30066000 JavaThread "Cancel handler" [_thread_blocked, id=17580, stack(0x000000f98be00000,0x000000f98bf00000)]
  0x0000024d2eb1e000 JavaThread "Daemon worker" [_thread_blocked, id=12712, stack(0x000000f98bf00000,0x000000f98c000000)]
  0x0000024d2e112000 JavaThread "Asynchronous log dispatcher for DefaultDaemonConnection: socket connection from /127.0.0.1:63640 to /127.0.0.1:63641" [_thread_blocked, id=8404, stack(0x000000f98c000000,0x000000f98c100000)]
  0x0000024d2e164800 JavaThread "Stdin handler" [_thread_blocked, id=18020, stack(0x000000f98c100000,0x000000f98c200000)]
  0x0000024d2f842000 JavaThread "Daemon client event forwarder" [_thread_blocked, id=3924, stack(0x000000f98c200000,0x000000f98c300000)]
  0x0000024d2f840800 JavaThread "Cache worker for file hash cache (C:\Users\Quan Trong Tu\.gradle\caches\7.0.2\fileHashes)" [_thread_blocked, id=3340, stack(0x000000f98c300000,0x000000f98c400000)]
  0x0000024d2f843000 JavaThread "File lock request listener" [_thread_in_native, id=14632, stack(0x000000f98c400000,0x000000f98c500000)]
  0x0000024d2f83f000 JavaThread "Cache worker for journal cache (C:\Users\Quan Trong Tu\.gradle\caches\journal-1)" [_thread_blocked, id=13724, stack(0x000000f98c800000,0x000000f98c900000)]
  0x0000024d2f843800 JavaThread "Cache worker for file hash cache (D:\WorkSpace\Self-learn\Android\Commons\android-base-app\.gradle\7.0.2\fileHashes)" [_thread_blocked, id=16608, stack(0x000000f98ca00000,0x000000f98cb00000)]
  0x0000024d2f83f800 JavaThread "File watcher server" daemon [_thread_in_native, id=15756, stack(0x000000f98cb00000,0x000000f98cc00000)]
  0x0000024d2f841800 JavaThread "File watcher consumer" daemon [_thread_blocked, id=7036, stack(0x000000f98cc00000,0x000000f98cd00000)]
  0x0000024d2f83e000 JavaThread "Cache worker for checksums cache (D:\WorkSpace\Self-learn\Android\Commons\android-base-app\.gradle\checksums)" [_thread_blocked, id=12616, stack(0x000000f98cd00000,0x000000f98ce00000)]
  0x0000024d2f844800 JavaThread "Cache worker for cache directory md-supplier (C:\Users\Quan Trong Tu\.gradle\caches\7.0.2\md-supplier)" [_thread_blocked, id=9712, stack(0x000000f98ce00000,0x000000f98cf00000)]
  0x0000024d2fcf1000 JavaThread "Cache worker for cache directory md-rule (C:\Users\Quan Trong Tu\.gradle\caches\7.0.2\md-rule)" [_thread_blocked, id=4992, stack(0x000000f98cf00000,0x000000f98d000000)]
  0x0000024d2fcf3800 JavaThread "Cache worker for execution history cache (C:\Users\Quan Trong Tu\.gradle\caches\7.0.2\executionHistory)" [_thread_blocked, id=5080, stack(0x000000f98d000000,0x000000f98d100000)]
  0x0000024d2fcf0800 JavaThread "jar transforms" [_thread_blocked, id=16848, stack(0x000000f98d200000,0x000000f98d300000)]
  0x0000024d2fcf3000 JavaThread "jar transforms Thread 2" [_thread_blocked, id=14928, stack(0x000000f98d300000,0x000000f98d400000)]
  0x0000024d2fcf4800 JavaThread "Cache worker for file content cache (C:\Users\Quan Trong Tu\.gradle\caches\7.0.2\fileContent)" [_thread_blocked, id=4204, stack(0x000000f98d400000,0x000000f98d500000)]
  0x0000024d2fcf6000 JavaThread "Cache worker for dependencies-accessors (D:\WorkSpace\Self-learn\Android\Commons\android-base-app\.gradle\7.0.2\dependencies-accessors)" [_thread_blocked, id=6752, stack(0x000000f98d500000,0x000000f98d600000)]
  0x0000024d2fcfa000 JavaThread "Cache worker for Build Output Cleanup Cache (D:\WorkSpace\Self-learn\Android\Commons\android-base-app\buildSrc\.gradle\buildOutputCleanup)" [_thread_blocked, id=1200, stack(0x000000f98d600000,0x000000f98d700000)]
  0x0000024d2fcfb000 JavaThread "Memory manager" [_thread_blocked, id=5084, stack(0x000000f98d700000,0x000000f98d800000)]
  0x0000024d2fcfc000 JavaThread "Cache worker for kotlin-dsl (C:\Users\Quan Trong Tu\.gradle\caches\7.0.2\kotlin-dsl)" [_thread_blocked, id=4740, stack(0x000000f98d800000,0x000000f98d900000)]
  0x0000024d2fcfc800 JavaThread "jar transforms Thread 3" [_thread_blocked, id=14304, stack(0x000000f98d100000,0x000000f98d200000)]
  0x0000024d2fcf8000 JavaThread "Build operations" [_thread_blocked, id=17528, stack(0x000000f98c900000,0x000000f98ca00000)]
  0x0000024d2fcf8800 JavaThread "Build operations Thread 2" [_thread_blocked, id=8172, stack(0x000000f98d900000,0x000000f98da00000)]
  0x0000024d2fcf7000 JavaThread "Build operations Thread 3" [_thread_blocked, id=12380, stack(0x000000f98da00000,0x000000f98db00000)]
  0x0000024d2fcf9800 JavaThread "Build operations Thread 4" [_thread_blocked, id=6520, stack(0x000000f98db00000,0x000000f98dc00000)]
  0x0000024d33b3f800 JavaThread "Build operations Thread 5" [_thread_blocked, id=8736, stack(0x000000f98dc00000,0x000000f98dd00000)]
  0x0000024d33b3b800 JavaThread "Build operations Thread 6" [_thread_blocked, id=17644, stack(0x000000f98dd00000,0x000000f98de00000)]
  0x0000024d33b3f000 JavaThread "Build operations Thread 7" [_thread_blocked, id=12348, stack(0x000000f98de00000,0x000000f98df00000)]
  0x0000024d33b3d000 JavaThread "Build operations Thread 8" [_thread_blocked, id=1412, stack(0x000000f98df00000,0x000000f98e000000)]

Other Threads:
=>0x0000024d2cb87000 VMThread "VM Thread" [stack: 0x000000f98a900000,0x000000f98aa00000] [id=18412]
  0x0000024d2cd80800 WatcherThread [stack: 0x000000f98b300000,0x000000f98b400000] [id=11292]
  0x0000024d11ed5800 GCTaskThread "GC Thread#0" [stack: 0x000000f98a400000,0x000000f98a500000] [id=15184]
  0x0000024d2d42e800 GCTaskThread "GC Thread#1" [stack: 0x000000f98b600000,0x000000f98b700000] [id=18924]
  0x0000024d2d96a000 GCTaskThread "GC Thread#2" [stack: 0x000000f98b700000,0x000000f98b800000] [id=15032]
  0x0000024d2de3e000 GCTaskThread "GC Thread#3" [stack: 0x000000f98b800000,0x000000f98b900000] [id=19688]
  0x0000024d2de3f000 GCTaskThread "GC Thread#4" [stack: 0x000000f98b900000,0x000000f98ba00000] [id=5472]
  0x0000024d2d103800 GCTaskThread "GC Thread#5" [stack: 0x000000f98ba00000,0x000000f98bb00000] [id=10696]
  0x0000024d2ddca000 GCTaskThread "GC Thread#6" [stack: 0x000000f98c500000,0x000000f98c600000] [id=10276]
  0x0000024d2de9f800 GCTaskThread "GC Thread#7" [stack: 0x000000f98c600000,0x000000f98c700000] [id=12060]
  0x0000024d11f09800 ConcurrentGCThread "G1 Main Marker" [stack: 0x000000f98a500000,0x000000f98a600000] [id=19324]
  0x0000024d11f0c800 ConcurrentGCThread "G1 Conc#0" [stack: 0x000000f98a600000,0x000000f98a700000] [id=4248]
  0x0000024d2dc89800 ConcurrentGCThread "G1 Conc#1" [stack: 0x000000f98c700000,0x000000f98c800000] [id=18672]
  0x0000024d2c1da800 ConcurrentGCThread "G1 Refine#0" [stack: 0x000000f98a700000,0x000000f98a800000] [id=17704]
  0x0000024d2c1db800 ConcurrentGCThread "G1 Young RemSet Sampling" [stack: 0x000000f98a800000,0x000000f98a900000] [id=14364]

Threads with active compile tasks:
C2 CompilerThread0  12782 4446       4       java.lang.invoke.MethodType::makeImpl (108 bytes)

VM state:at safepoint (normal execution)

VM Mutex/Monitor currently owned by a thread:  ([mutex/lock_event])
[0x0000024d11ebf540] Threads_lock - owner thread: 0x0000024d2cb87000
[0x0000024d11ebf5d0] Heap_lock - owner thread: 0x0000024d33b3f800

Heap address: 0x0000000080000000, size: 2048 MB, Compressed Oops mode: 32-bit
Narrow klass base: 0x0000000000000000, Narrow klass shift: 3
Compressed class space size: 1073741824 Address: 0x0000000100000000

Heap:
 garbage-first heap   total 260096K, used 30596K [0x0000000080000000, 0x0000000100000000)
  region size 1024K, 9 young (9216K), 9 survivors (9216K)
 Metaspace       used 50370K, capacity 51780K, committed 51836K, reserved 1101824K
  class space    used 6602K, capacity 7144K, committed 7168K, reserved 1048576K
Heap Regions: E=young(eden), S=young(survivor), O=old, HS=humongous(starts), HC=humongous(continues), CS=collection set, F=free, A=archive, TAMS=top-at-mark-start (previous, next)
|   0|0x0000000080000000, 0x0000000080100000, 0x0000000080100000|100%| O|  |TAMS 0x0000000080100000, 0x0000000080100000| Untracked 
|   1|0x0000000080100000, 0x0000000080200000, 0x0000000080200000|100%| O|  |TAMS 0x0000000080200000, 0x0000000080200000| Untracked 
|   2|0x0000000080200000, 0x0000000080300000, 0x0000000080300000|100%| O|  |TAMS 0x0000000080300000, 0x0000000080300000| Untracked 
|   3|0x0000000080300000, 0x0000000080400000, 0x0000000080400000|100%|HS|  |TAMS 0x0000000080400000, 0x0000000080400000| Complete 
|   4|0x0000000080400000, 0x0000000080500000, 0x0000000080500000|100%|HC|  |TAMS 0x0000000080500000, 0x0000000080500000| Complete 
|   5|0x0000000080500000, 0x0000000080600000, 0x0000000080600000|100%|HC|  |TAMS 0x0000000080600000, 0x0000000080600000| Complete 
|   6|0x0000000080600000, 0x0000000080700000, 0x0000000080700000|100%| O|  |TAMS 0x0000000080700000, 0x0000000080700000| Untracked 
|   7|0x0000000080700000, 0x0000000080800000, 0x0000000080800000|100%| O|  |TAMS 0x0000000080800000, 0x0000000080800000| Untracked 
|   8|0x0000000080800000, 0x0000000080900000, 0x0000000080900000|100%| O|  |TAMS 0x0000000080900000, 0x0000000080900000| Untracked 
|   9|0x0000000080900000, 0x0000000080a00000, 0x0000000080a00000|100%| O|  |TAMS 0x0000000080a00000, 0x0000000080a00000| Untracked 
|  10|0x0000000080a00000, 0x0000000080b00000, 0x0000000080b00000|100%| O|  |TAMS 0x0000000080b00000, 0x0000000080b00000| Untracked 
|  11|0x0000000080b00000, 0x0000000080c00000, 0x0000000080c00000|100%| O|  |TAMS 0x0000000080c00000, 0x0000000080c00000| Untracked 
|  12|0x0000000080c00000, 0x0000000080d00000, 0x0000000080d00000|100%| O|  |TAMS 0x0000000080d00000, 0x0000000080d00000| Untracked 
|  13|0x0000000080d00000, 0x0000000080e00000, 0x0000000080e00000|100%| O|  |TAMS 0x0000000080e00000, 0x0000000080e00000| Untracked 
|  14|0x0000000080e00000, 0x0000000080f00000, 0x0000000080f00000|100%| O|  |TAMS 0x0000000080f00000, 0x0000000080f00000| Untracked 
|  15|0x0000000080f00000, 0x0000000081000000, 0x0000000081000000|100%| O|  |TAMS 0x0000000081000000, 0x0000000081000000| Untracked 
|  16|0x0000000081000000, 0x0000000081100000, 0x0000000081100000|100%| O|  |TAMS 0x0000000081039400, 0x0000000081100000| Untracked 
|  17|0x0000000081100000, 0x0000000081200000, 0x0000000081200000|100%| O|  |TAMS 0x0000000081100000, 0x0000000081200000| Untracked 
|  18|0x0000000081200000, 0x0000000081300000, 0x0000000081300000|100%| O|  |TAMS 0x0000000081200000, 0x0000000081300000| Untracked 
|  19|0x0000000081300000, 0x0000000081400000, 0x0000000081400000|100%| O|  |TAMS 0x0000000081300000, 0x0000000081400000| Untracked 
|  20|0x0000000081400000, 0x0000000081500000, 0x0000000081500000|100%| O|  |TAMS 0x0000000081400000, 0x0000000081500000| Untracked 
|  21|0x0000000081500000, 0x000000008153c200, 0x0000000081600000| 23%| O|  |TAMS 0x0000000081500000, 0x000000008153c200| Untracked 
|  22|0x0000000081600000, 0x0000000081600000, 0x0000000081700000|  0%| F|  |TAMS 0x0000000081600000, 0x0000000081600000| Untracked 
|  23|0x0000000081700000, 0x0000000081700000, 0x0000000081800000|  0%| F|  |TAMS 0x0000000081700000, 0x0000000081700000| Untracked 
|  24|0x0000000081800000, 0x0000000081800000, 0x0000000081900000|  0%| F|  |TAMS 0x0000000081800000, 0x0000000081800000| Untracked 
|  25|0x0000000081900000, 0x0000000081900000, 0x0000000081a00000|  0%| F|  |TAMS 0x0000000081900000, 0x0000000081900000| Untracked 
|  26|0x0000000081a00000, 0x0000000081a00000, 0x0000000081b00000|  0%| F|  |TAMS 0x0000000081a00000, 0x0000000081a00000| Untracked 
|  27|0x0000000081b00000, 0x0000000081b00000, 0x0000000081c00000|  0%| F|  |TAMS 0x0000000081b00000, 0x0000000081b00000| Untracked 
|  28|0x0000000081c00000, 0x0000000081c00000, 0x0000000081d00000|  0%| F|  |TAMS 0x0000000081c00000, 0x0000000081c00000| Untracked 
|  29|0x0000000081d00000, 0x0000000081d00000, 0x0000000081e00000|  0%| F|  |TAMS 0x0000000081d00000, 0x0000000081d00000| Untracked 
|  30|0x0000000081e00000, 0x0000000081e00000, 0x0000000081f00000|  0%| F|  |TAMS 0x0000000081e00000, 0x0000000081e00000| Untracked 
|  31|0x0000000081f00000, 0x0000000081f00000, 0x0000000082000000|  0%| F|  |TAMS 0x0000000081f00000, 0x0000000081f00000| Untracked 
|  32|0x0000000082000000, 0x0000000082000000, 0x0000000082100000|  0%| F|  |TAMS 0x0000000082000000, 0x0000000082000000| Untracked 
|  33|0x0000000082100000, 0x0000000082100000, 0x0000000082200000|  0%| F|  |TAMS 0x0000000082100000, 0x0000000082100000| Untracked 
|  34|0x0000000082200000, 0x0000000082200000, 0x0000000082300000|  0%| F|  |TAMS 0x0000000082200000, 0x0000000082200000| Untracked 
|  35|0x0000000082300000, 0x0000000082300000, 0x0000000082400000|  0%| F|  |TAMS 0x0000000082300000, 0x0000000082300000| Untracked 
|  36|0x0000000082400000, 0x0000000082400000, 0x0000000082500000|  0%| F|  |TAMS 0x0000000082400000, 0x0000000082400000| Untracked 
|  37|0x0000000082500000, 0x0000000082500000, 0x0000000082600000|  0%| F|  |TAMS 0x0000000082500000, 0x0000000082500000| Untracked 
|  38|0x0000000082600000, 0x0000000082600000, 0x0000000082700000|  0%| F|  |TAMS 0x0000000082600000, 0x0000000082600000| Untracked 
|  39|0x0000000082700000, 0x0000000082700000, 0x0000000082800000|  0%| F|  |TAMS 0x0000000082700000, 0x0000000082700000| Untracked 
|  40|0x0000000082800000, 0x0000000082800000, 0x0000000082900000|  0%| F|  |TAMS 0x0000000082800000, 0x0000000082800000| Untracked 
|  41|0x0000000082900000, 0x0000000082900000, 0x0000000082a00000|  0%| F|  |TAMS 0x0000000082900000, 0x0000000082900000| Untracked 
|  42|0x0000000082a00000, 0x0000000082a00000, 0x0000000082b00000|  0%| F|  |TAMS 0x0000000082a00000, 0x0000000082a00000| Untracked 
|  43|0x0000000082b00000, 0x0000000082b00000, 0x0000000082c00000|  0%| F|  |TAMS 0x0000000082b00000, 0x0000000082b00000| Untracked 
|  44|0x0000000082c00000, 0x0000000082c00000, 0x0000000082d00000|  0%| F|  |TAMS 0x0000000082c00000, 0x0000000082c00000| Untracked 
|  45|0x0000000082d00000, 0x0000000082d00000, 0x0000000082e00000|  0%| F|  |TAMS 0x0000000082d00000, 0x0000000082d00000| Untracked 
|  46|0x0000000082e00000, 0x0000000082e00000, 0x0000000082f00000|  0%| F|  |TAMS 0x0000000082e00000, 0x0000000082e00000| Untracked 
|  47|0x0000000082f00000, 0x0000000082f00000, 0x0000000083000000|  0%| F|  |TAMS 0x0000000082f00000, 0x0000000082f00000| Untracked 
|  48|0x0000000083000000, 0x0000000083000000, 0x0000000083100000|  0%| F|  |TAMS 0x0000000083000000, 0x0000000083000000| Untracked 
|  49|0x0000000083100000, 0x0000000083100000, 0x0000000083200000|  0%| F|  |TAMS 0x0000000083100000, 0x0000000083100000| Untracked 
|  50|0x0000000083200000, 0x0000000083200000, 0x0000000083300000|  0%| F|  |TAMS 0x0000000083200000, 0x0000000083200000| Untracked 
|  51|0x0000000083300000, 0x0000000083300000, 0x0000000083400000|  0%| F|  |TAMS 0x0000000083300000, 0x0000000083300000| Untracked 
|  52|0x0000000083400000, 0x0000000083400000, 0x0000000083500000|  0%| F|  |TAMS 0x0000000083400000, 0x0000000083400000| Untracked 
|  53|0x0000000083500000, 0x0000000083500000, 0x0000000083600000|  0%| F|  |TAMS 0x0000000083500000, 0x0000000083500000| Untracked 
|  54|0x0000000083600000, 0x0000000083600000, 0x0000000083700000|  0%| F|  |TAMS 0x0000000083600000, 0x0000000083600000| Untracked 
|  55|0x0000000083700000, 0x0000000083700000, 0x0000000083800000|  0%| F|  |TAMS 0x0000000083700000, 0x0000000083700000| Untracked 
|  56|0x0000000083800000, 0x0000000083800000, 0x0000000083900000|  0%| F|  |TAMS 0x0000000083800000, 0x0000000083800000| Untracked 
|  57|0x0000000083900000, 0x0000000083900000, 0x0000000083a00000|  0%| F|  |TAMS 0x0000000083900000, 0x0000000083900000| Untracked 
|  58|0x0000000083a00000, 0x0000000083a00000, 0x0000000083b00000|  0%| F|  |TAMS 0x0000000083a00000, 0x0000000083a00000| Untracked 
|  59|0x0000000083b00000, 0x0000000083b00000, 0x0000000083c00000|  0%| F|  |TAMS 0x0000000083b00000, 0x0000000083b00000| Untracked 
|  60|0x0000000083c00000, 0x0000000083c00000, 0x0000000083d00000|  0%| F|  |TAMS 0x0000000083c00000, 0x0000000083c00000| Untracked 
|  61|0x0000000083d00000, 0x0000000083d00000, 0x0000000083e00000|  0%| F|  |TAMS 0x0000000083d00000, 0x0000000083d00000| Untracked 
|  62|0x0000000083e00000, 0x0000000083e00000, 0x0000000083f00000|  0%| F|  |TAMS 0x0000000083e00000, 0x0000000083e00000| Untracked 
|  63|0x0000000083f00000, 0x0000000083f00000, 0x0000000084000000|  0%| F|  |TAMS 0x0000000083f00000, 0x0000000083f00000| Untracked 
|  64|0x0000000084000000, 0x0000000084000000, 0x0000000084100000|  0%| F|  |TAMS 0x0000000084000000, 0x0000000084000000| Untracked 
|  65|0x0000000084100000, 0x0000000084100000, 0x0000000084200000|  0%| F|  |TAMS 0x0000000084100000, 0x0000000084100000| Untracked 
|  66|0x0000000084200000, 0x0000000084200000, 0x0000000084300000|  0%| F|  |TAMS 0x0000000084200000, 0x0000000084200000| Untracked 
|  67|0x0000000084300000, 0x0000000084300000, 0x0000000084400000|  0%| F|  |TAMS 0x0000000084300000, 0x0000000084300000| Untracked 
|  68|0x0000000084400000, 0x0000000084400000, 0x0000000084500000|  0%| F|  |TAMS 0x0000000084400000, 0x0000000084400000| Untracked 
|  69|0x0000000084500000, 0x0000000084500000, 0x0000000084600000|  0%| F|  |TAMS 0x0000000084500000, 0x0000000084500000| Untracked 
|  70|0x0000000084600000, 0x0000000084600000, 0x0000000084700000|  0%| F|  |TAMS 0x0000000084600000, 0x0000000084600000| Untracked 
|  71|0x0000000084700000, 0x0000000084700000, 0x0000000084800000|  0%| F|  |TAMS 0x0000000084700000, 0x0000000084700000| Untracked 
|  72|0x0000000084800000, 0x0000000084800000, 0x0000000084900000|  0%| F|  |TAMS 0x0000000084800000, 0x0000000084800000| Untracked 
|  73|0x0000000084900000, 0x0000000084900000, 0x0000000084a00000|  0%| F|  |TAMS 0x0000000084900000, 0x0000000084900000| Untracked 
|  74|0x0000000084a00000, 0x0000000084a00000, 0x0000000084b00000|  0%| F|  |TAMS 0x0000000084a00000, 0x0000000084a00000| Untracked 
|  75|0x0000000084b00000, 0x0000000084b00000, 0x0000000084c00000|  0%| F|  |TAMS 0x0000000084b00000, 0x0000000084b00000| Untracked 
|  76|0x0000000084c00000, 0x0000000084c00000, 0x0000000084d00000|  0%| F|  |TAMS 0x0000000084c00000, 0x0000000084c00000| Untracked 
|  77|0x0000000084d00000, 0x0000000084d00000, 0x0000000084e00000|  0%| F|  |TAMS 0x0000000084d00000, 0x0000000084d00000| Untracked 
|  78|0x0000000084e00000, 0x0000000084e00000, 0x0000000084f00000|  0%| F|  |TAMS 0x0000000084e00000, 0x0000000084e00000| Untracked 
|  79|0x0000000084f00000, 0x0000000084f00000, 0x0000000085000000|  0%| F|  |TAMS 0x0000000084f00000, 0x0000000084f00000| Untracked 
|  80|0x0000000085000000, 0x0000000085000000, 0x0000000085100000|  0%| F|  |TAMS 0x0000000085000000, 0x0000000085000000| Untracked 
|  81|0x0000000085100000, 0x0000000085100000, 0x0000000085200000|  0%| F|  |TAMS 0x0000000085100000, 0x0000000085100000| Untracked 
|  82|0x0000000085200000, 0x0000000085200000, 0x0000000085300000|  0%| F|  |TAMS 0x0000000085200000, 0x0000000085200000| Untracked 
|  83|0x0000000085300000, 0x0000000085300000, 0x0000000085400000|  0%| F|  |TAMS 0x0000000085300000, 0x0000000085300000| Untracked 
|  84|0x0000000085400000, 0x0000000085400000, 0x0000000085500000|  0%| F|  |TAMS 0x0000000085400000, 0x0000000085400000| Untracked 
|  85|0x0000000085500000, 0x0000000085500000, 0x0000000085600000|  0%| F|  |TAMS 0x0000000085500000, 0x0000000085500000| Untracked 
|  86|0x0000000085600000, 0x0000000085600000, 0x0000000085700000|  0%| F|  |TAMS 0x0000000085600000, 0x0000000085600000| Untracked 
|  87|0x0000000085700000, 0x0000000085700000, 0x0000000085800000|  0%| F|  |TAMS 0x0000000085700000, 0x0000000085700000| Untracked 
|  88|0x0000000085800000, 0x0000000085800000, 0x0000000085900000|  0%| F|  |TAMS 0x0000000085800000, 0x0000000085800000| Untracked 
|  89|0x0000000085900000, 0x0000000085900000, 0x0000000085a00000|  0%| F|  |TAMS 0x0000000085900000, 0x0000000085900000| Untracked 
|  90|0x0000000085a00000, 0x0000000085a00000, 0x0000000085b00000|  0%| F|  |TAMS 0x0000000085a00000, 0x0000000085a00000| Untracked 
|  91|0x0000000085b00000, 0x0000000085b00000, 0x0000000085c00000|  0%| F|  |TAMS 0x0000000085b00000, 0x0000000085b00000| Untracked 
|  92|0x0000000085c00000, 0x0000000085c00000, 0x0000000085d00000|  0%| F|  |TAMS 0x0000000085c00000, 0x0000000085c00000| Untracked 
|  93|0x0000000085d00000, 0x0000000085d00000, 0x0000000085e00000|  0%| F|  |TAMS 0x0000000085d00000, 0x0000000085d00000| Untracked 
|  94|0x0000000085e00000, 0x0000000085e00000, 0x0000000085f00000|  0%| F|  |TAMS 0x0000000085e00000, 0x0000000085e00000| Untracked 
|  95|0x0000000085f00000, 0x0000000085f00000, 0x0000000086000000|  0%| F|  |TAMS 0x0000000085f00000, 0x0000000085f00000| Untracked 
|  96|0x0000000086000000, 0x0000000086000000, 0x0000000086100000|  0%| F|  |TAMS 0x0000000086000000, 0x0000000086000000| Untracked 
|  97|0x0000000086100000, 0x0000000086100000, 0x0000000086200000|  0%| F|  |TAMS 0x0000000086100000, 0x0000000086100000| Untracked 
|  98|0x0000000086200000, 0x0000000086200000, 0x0000000086300000|  0%| F|  |TAMS 0x0000000086200000, 0x0000000086200000| Untracked 
|  99|0x0000000086300000, 0x0000000086300000, 0x0000000086400000|  0%| F|  |TAMS 0x0000000086300000, 0x0000000086300000| Untracked 
| 100|0x0000000086400000, 0x0000000086400000, 0x0000000086500000|  0%| F|  |TAMS 0x0000000086400000, 0x0000000086400000| Untracked 
| 101|0x0000000086500000, 0x0000000086500000, 0x0000000086600000|  0%| F|  |TAMS 0x0000000086500000, 0x0000000086500000| Untracked 
| 102|0x0000000086600000, 0x0000000086600000, 0x0000000086700000|  0%| F|  |TAMS 0x0000000086600000, 0x0000000086600000| Untracked 
| 103|0x0000000086700000, 0x0000000086700000, 0x0000000086800000|  0%| F|  |TAMS 0x0000000086700000, 0x0000000086700000| Untracked 
| 104|0x0000000086800000, 0x0000000086800000, 0x0000000086900000|  0%| F|  |TAMS 0x0000000086800000, 0x0000000086800000| Untracked 
| 105|0x0000000086900000, 0x0000000086900000, 0x0000000086a00000|  0%| F|  |TAMS 0x0000000086900000, 0x0000000086900000| Untracked 
| 106|0x0000000086a00000, 0x0000000086a00000, 0x0000000086b00000|  0%| F|  |TAMS 0x0000000086a00000, 0x0000000086a00000| Untracked 
| 107|0x0000000086b00000, 0x0000000086b00000, 0x0000000086c00000|  0%| F|  |TAMS 0x0000000086b00000, 0x0000000086b00000| Untracked 
| 108|0x0000000086c00000, 0x0000000086c00000, 0x0000000086d00000|  0%| F|  |TAMS 0x0000000086c00000, 0x0000000086c00000| Untracked 
| 109|0x0000000086d00000, 0x0000000086d00000, 0x0000000086e00000|  0%| F|  |TAMS 0x0000000086d00000, 0x0000000086d00000| Untracked 
| 110|0x0000000086e00000, 0x0000000086e00000, 0x0000000086f00000|  0%| F|  |TAMS 0x0000000086e00000, 0x0000000086e00000| Untracked 
| 111|0x0000000086f00000, 0x0000000086f00000, 0x0000000087000000|  0%| F|  |TAMS 0x0000000086f00000, 0x0000000086f00000| Untracked 
| 112|0x0000000087000000, 0x0000000087000000, 0x0000000087100000|  0%| F|  |TAMS 0x0000000087000000, 0x0000000087000000| Untracked 
| 113|0x0000000087100000, 0x0000000087100000, 0x0000000087200000|  0%| F|  |TAMS 0x0000000087100000, 0x0000000087100000| Untracked 
| 114|0x0000000087200000, 0x0000000087200000, 0x0000000087300000|  0%| F|  |TAMS 0x0000000087200000, 0x0000000087200000| Untracked 
| 115|0x0000000087300000, 0x0000000087300000, 0x0000000087400000|  0%| F|  |TAMS 0x0000000087300000, 0x0000000087300000| Untracked 
| 116|0x0000000087400000, 0x0000000087400000, 0x0000000087500000|  0%| F|  |TAMS 0x0000000087400000, 0x0000000087400000| Untracked 
| 117|0x0000000087500000, 0x0000000087500000, 0x0000000087600000|  0%| F|  |TAMS 0x0000000087500000, 0x0000000087500000| Untracked 
| 118|0x0000000087600000, 0x0000000087600000, 0x0000000087700000|  0%| F|  |TAMS 0x0000000087600000, 0x0000000087600000| Untracked 
| 119|0x0000000087700000, 0x0000000087700000, 0x0000000087800000|  0%| F|  |TAMS 0x0000000087700000, 0x0000000087700000| Untracked 
| 120|0x0000000087800000, 0x0000000087800000, 0x0000000087900000|  0%| F|  |TAMS 0x0000000087800000, 0x0000000087800000| Untracked 
| 121|0x0000000087900000, 0x0000000087900000, 0x0000000087a00000|  0%| F|  |TAMS 0x0000000087900000, 0x0000000087900000| Untracked 
| 122|0x0000000087a00000, 0x0000000087a00000, 0x0000000087b00000|  0%| F|  |TAMS 0x0000000087a00000, 0x0000000087a00000| Untracked 
| 123|0x0000000087b00000, 0x0000000087b00000, 0x0000000087c00000|  0%| F|  |TAMS 0x0000000087b00000, 0x0000000087b00000| Untracked 
| 124|0x0000000087c00000, 0x0000000087c00000, 0x0000000087d00000|  0%| F|  |TAMS 0x0000000087c00000, 0x0000000087c00000| Untracked 
| 125|0x0000000087d00000, 0x0000000087d00000, 0x0000000087e00000|  0%| F|  |TAMS 0x0000000087d00000, 0x0000000087d00000| Untracked 
| 126|0x0000000087e00000, 0x0000000087e00000, 0x0000000087f00000|  0%| F|  |TAMS 0x0000000087e00000, 0x0000000087e00000| Untracked 
| 127|0x0000000087f00000, 0x0000000087f00000, 0x0000000088000000|  0%| F|  |TAMS 0x0000000087f00000, 0x0000000087f00000| Untracked 
| 128|0x0000000088000000, 0x0000000088000000, 0x0000000088100000|  0%| F|  |TAMS 0x0000000088000000, 0x0000000088000000| Untracked 
| 129|0x0000000088100000, 0x0000000088100000, 0x0000000088200000|  0%| F|  |TAMS 0x0000000088100000, 0x0000000088100000| Untracked 
| 130|0x0000000088200000, 0x0000000088200000, 0x0000000088300000|  0%| F|  |TAMS 0x0000000088200000, 0x0000000088200000| Untracked 
| 131|0x0000000088300000, 0x0000000088300000, 0x0000000088400000|  0%| F|  |TAMS 0x0000000088300000, 0x0000000088300000| Untracked 
| 132|0x0000000088400000, 0x0000000088400000, 0x0000000088500000|  0%| F|  |TAMS 0x0000000088400000, 0x0000000088400000| Untracked 
| 133|0x0000000088500000, 0x0000000088500000, 0x0000000088600000|  0%| F|  |TAMS 0x0000000088500000, 0x0000000088500000| Untracked 
| 134|0x0000000088600000, 0x0000000088600000, 0x0000000088700000|  0%| F|  |TAMS 0x0000000088600000, 0x0000000088600000| Untracked 
| 135|0x0000000088700000, 0x0000000088700000, 0x0000000088800000|  0%| F|  |TAMS 0x0000000088700000, 0x0000000088700000| Untracked 
| 136|0x0000000088800000, 0x0000000088800000, 0x0000000088900000|  0%| F|  |TAMS 0x0000000088800000, 0x0000000088800000| Untracked 
| 137|0x0000000088900000, 0x0000000088900000, 0x0000000088a00000|  0%| F|  |TAMS 0x0000000088900000, 0x0000000088900000| Untracked 
| 138|0x0000000088a00000, 0x0000000088a00000, 0x0000000088b00000|  0%| F|  |TAMS 0x0000000088a00000, 0x0000000088a00000| Untracked 
| 139|0x0000000088b00000, 0x0000000088b00000, 0x0000000088c00000|  0%| F|  |TAMS 0x0000000088b00000, 0x0000000088b00000| Untracked 
| 140|0x0000000088c00000, 0x0000000088c00000, 0x0000000088d00000|  0%| F|  |TAMS 0x0000000088c00000, 0x0000000088c00000| Untracked 
| 141|0x0000000088d00000, 0x0000000088d00000, 0x0000000088e00000|  0%| F|  |TAMS 0x0000000088d00000, 0x0000000088d00000| Untracked 
| 142|0x0000000088e00000, 0x0000000088e00000, 0x0000000088f00000|  0%| F|  |TAMS 0x0000000088e00000, 0x0000000088e00000| Untracked 
| 143|0x0000000088f00000, 0x0000000088f00000, 0x0000000089000000|  0%| F|  |TAMS 0x0000000088f00000, 0x0000000088f00000| Untracked 
| 144|0x0000000089000000, 0x0000000089000000, 0x0000000089100000|  0%| F|  |TAMS 0x0000000089000000, 0x0000000089000000| Untracked 
| 145|0x0000000089100000, 0x0000000089100000, 0x0000000089200000|  0%| F|  |TAMS 0x0000000089100000, 0x0000000089100000| Untracked 
| 146|0x0000000089200000, 0x0000000089200000, 0x0000000089300000|  0%| F|  |TAMS 0x0000000089200000, 0x0000000089200000| Untracked 
| 147|0x0000000089300000, 0x0000000089300000, 0x0000000089400000|  0%| F|  |TAMS 0x0000000089300000, 0x0000000089300000| Untracked 
| 148|0x0000000089400000, 0x0000000089400000, 0x0000000089500000|  0%| F|  |TAMS 0x0000000089400000, 0x0000000089400000| Untracked 
| 149|0x0000000089500000, 0x0000000089500000, 0x0000000089600000|  0%| F|  |TAMS 0x0000000089500000, 0x0000000089500000| Untracked 
| 150|0x0000000089600000, 0x0000000089600000, 0x0000000089700000|  0%| F|  |TAMS 0x0000000089600000, 0x0000000089600000| Untracked 
| 151|0x0000000089700000, 0x0000000089700000, 0x0000000089800000|  0%| F|  |TAMS 0x0000000089700000, 0x0000000089700000| Untracked 
| 152|0x0000000089800000, 0x0000000089800000, 0x0000000089900000|  0%| F|  |TAMS 0x0000000089800000, 0x0000000089800000| Untracked 
| 153|0x0000000089900000, 0x0000000089900000, 0x0000000089a00000|  0%| F|  |TAMS 0x0000000089900000, 0x0000000089900000| Untracked 
| 154|0x0000000089a00000, 0x0000000089a00000, 0x0000000089b00000|  0%| F|  |TAMS 0x0000000089a00000, 0x0000000089a00000| Untracked 
| 155|0x0000000089b00000, 0x0000000089b00000, 0x0000000089c00000|  0%| F|  |TAMS 0x0000000089b00000, 0x0000000089b00000| Untracked 
| 156|0x0000000089c00000, 0x0000000089c00000, 0x0000000089d00000|  0%| F|  |TAMS 0x0000000089c00000, 0x0000000089c00000| Untracked 
| 157|0x0000000089d00000, 0x0000000089d00000, 0x0000000089e00000|  0%| F|  |TAMS 0x0000000089d00000, 0x0000000089d00000| Untracked 
| 158|0x0000000089e00000, 0x0000000089e00000, 0x0000000089f00000|  0%| F|  |TAMS 0x0000000089e00000, 0x0000000089e00000| Untracked 
| 159|0x0000000089f00000, 0x0000000089f00000, 0x000000008a000000|  0%| F|  |TAMS 0x0000000089f00000, 0x0000000089f00000| Untracked 
| 160|0x000000008a000000, 0x000000008a000000, 0x000000008a100000|  0%| F|  |TAMS 0x000000008a000000, 0x000000008a000000| Untracked 
| 161|0x000000008a100000, 0x000000008a100000, 0x000000008a200000|  0%| F|  |TAMS 0x000000008a100000, 0x000000008a100000| Untracked 
| 162|0x000000008a200000, 0x000000008a200000, 0x000000008a300000|  0%| F|  |TAMS 0x000000008a200000, 0x000000008a200000| Untracked 
| 163|0x000000008a300000, 0x000000008a300000, 0x000000008a400000|  0%| F|  |TAMS 0x000000008a300000, 0x000000008a300000| Untracked 
| 164|0x000000008a400000, 0x000000008a400000, 0x000000008a500000|  0%| F|  |TAMS 0x000000008a400000, 0x000000008a400000| Untracked 
| 165|0x000000008a500000, 0x000000008a500000, 0x000000008a600000|  0%| F|  |TAMS 0x000000008a500000, 0x000000008a500000| Untracked 
| 166|0x000000008a600000, 0x000000008a600000, 0x000000008a700000|  0%| F|  |TAMS 0x000000008a600000, 0x000000008a600000| Untracked 
| 167|0x000000008a700000, 0x000000008a700000, 0x000000008a800000|  0%| F|  |TAMS 0x000000008a700000, 0x000000008a700000| Untracked 
| 168|0x000000008a800000, 0x000000008a800000, 0x000000008a900000|  0%| F|  |TAMS 0x000000008a800000, 0x000000008a800000| Untracked 
| 169|0x000000008a900000, 0x000000008a900000, 0x000000008aa00000|  0%| F|  |TAMS 0x000000008a900000, 0x000000008a900000| Untracked 
| 170|0x000000008aa00000, 0x000000008aa00000, 0x000000008ab00000|  0%| F|  |TAMS 0x000000008aa00000, 0x000000008aa00000| Untracked 
| 171|0x000000008ab00000, 0x000000008ab00000, 0x000000008ac00000|  0%| F|  |TAMS 0x000000008ab00000, 0x000000008ab00000| Untracked 
| 172|0x000000008ac00000, 0x000000008ac00000, 0x000000008ad00000|  0%| F|  |TAMS 0x000000008ac00000, 0x000000008ac00000| Untracked 
| 173|0x000000008ad00000, 0x000000008ad00000, 0x000000008ae00000|  0%| F|  |TAMS 0x000000008ad00000, 0x000000008ad00000| Untracked 
| 174|0x000000008ae00000, 0x000000008aea4e68, 0x000000008af00000| 64%| S|CS|TAMS 0x000000008ae00000, 0x000000008ae00000| Complete 
| 175|0x000000008af00000, 0x000000008b000000, 0x000000008b000000|100%| S|CS|TAMS 0x000000008af00000, 0x000000008af00000| Complete 
| 176|0x000000008b000000, 0x000000008b100000, 0x000000008b100000|100%| S|CS|TAMS 0x000000008b000000, 0x000000008b000000| Complete 
| 177|0x000000008b100000, 0x000000008b200000, 0x000000008b200000|100%| S|CS|TAMS 0x000000008b100000, 0x000000008b100000| Complete 
| 178|0x000000008b200000, 0x000000008b300000, 0x000000008b300000|100%| S|CS|TAMS 0x000000008b200000, 0x000000008b200000| Complete 
| 179|0x000000008b300000, 0x000000008b400000, 0x000000008b400000|100%| S|CS|TAMS 0x000000008b300000, 0x000000008b300000| Complete 
| 180|0x000000008b400000, 0x000000008b500000, 0x000000008b500000|100%| S|CS|TAMS 0x000000008b400000, 0x000000008b400000| Complete 
| 181|0x000000008b500000, 0x000000008b600000, 0x000000008b600000|100%| S|CS|TAMS 0x000000008b500000, 0x000000008b500000| Complete 
| 182|0x000000008b600000, 0x000000008b700000, 0x000000008b700000|100%| S|CS|TAMS 0x000000008b600000, 0x000000008b600000| Complete 
| 183|0x000000008b700000, 0x000000008b700000, 0x000000008b800000|  0%| F|  |TAMS 0x000000008b700000, 0x000000008b700000| Untracked 
| 184|0x000000008b800000, 0x000000008b800000, 0x000000008b900000|  0%| F|  |TAMS 0x000000008b800000, 0x000000008b800000| Untracked 
| 185|0x000000008b900000, 0x000000008b900000, 0x000000008ba00000|  0%| F|  |TAMS 0x000000008b900000, 0x000000008b900000| Untracked 
| 186|0x000000008ba00000, 0x000000008ba00000, 0x000000008bb00000|  0%| F|  |TAMS 0x000000008ba00000, 0x000000008ba00000| Untracked 
| 187|0x000000008bb00000, 0x000000008bb00000, 0x000000008bc00000|  0%| F|  |TAMS 0x000000008bb00000, 0x000000008bb00000| Untracked 
| 188|0x000000008bc00000, 0x000000008bc00000, 0x000000008bd00000|  0%| F|  |TAMS 0x000000008bc00000, 0x000000008bc00000| Untracked 
| 189|0x000000008bd00000, 0x000000008bd00000, 0x000000008be00000|  0%| F|  |TAMS 0x000000008bd00000, 0x000000008bd00000| Untracked 
| 190|0x000000008be00000, 0x000000008be00000, 0x000000008bf00000|  0%| F|  |TAMS 0x000000008be00000, 0x000000008be00000| Untracked 
| 191|0x000000008bf00000, 0x000000008bf00000, 0x000000008c000000|  0%| F|  |TAMS 0x000000008bf00000, 0x000000008bf00000| Untracked 
| 192|0x000000008c000000, 0x000000008c000000, 0x000000008c100000|  0%| F|  |TAMS 0x000000008c000000, 0x000000008c000000| Untracked 
| 193|0x000000008c100000, 0x000000008c100000, 0x000000008c200000|  0%| F|  |TAMS 0x000000008c100000, 0x000000008c100000| Untracked 
| 194|0x000000008c200000, 0x000000008c200000, 0x000000008c300000|  0%| F|  |TAMS 0x000000008c200000, 0x000000008c200000| Untracked 
| 195|0x000000008c300000, 0x000000008c300000, 0x000000008c400000|  0%| F|  |TAMS 0x000000008c300000, 0x000000008c300000| Untracked 
| 196|0x000000008c400000, 0x000000008c400000, 0x000000008c500000|  0%| F|  |TAMS 0x000000008c400000, 0x000000008c400000| Untracked 
| 197|0x000000008c500000, 0x000000008c500000, 0x000000008c600000|  0%| F|  |TAMS 0x000000008c500000, 0x000000008c500000| Untracked 
| 198|0x000000008c600000, 0x000000008c600000, 0x000000008c700000|  0%| F|  |TAMS 0x000000008c600000, 0x000000008c600000| Untracked 
| 199|0x000000008c700000, 0x000000008c700000, 0x000000008c800000|  0%| F|  |TAMS 0x000000008c700000, 0x000000008c700000| Untracked 
| 200|0x000000008c800000, 0x000000008c800000, 0x000000008c900000|  0%| F|  |TAMS 0x000000008c800000, 0x000000008c800000| Untracked 
| 201|0x000000008c900000, 0x000000008c900000, 0x000000008ca00000|  0%| F|  |TAMS 0x000000008c900000, 0x000000008c900000| Untracked 
| 202|0x000000008ca00000, 0x000000008ca00000, 0x000000008cb00000|  0%| F|  |TAMS 0x000000008ca00000, 0x000000008ca00000| Untracked 
| 203|0x000000008cb00000, 0x000000008cb00000, 0x000000008cc00000|  0%| F|  |TAMS 0x000000008cb00000, 0x000000008cb00000| Untracked 
| 204|0x000000008cc00000, 0x000000008cc00000, 0x000000008cd00000|  0%| F|  |TAMS 0x000000008cc00000, 0x000000008cc00000| Untracked 
| 205|0x000000008cd00000, 0x000000008cd00000, 0x000000008ce00000|  0%| F|  |TAMS 0x000000008cd00000, 0x000000008cd00000| Untracked 
| 206|0x000000008ce00000, 0x000000008ce00000, 0x000000008cf00000|  0%| F|  |TAMS 0x000000008ce00000, 0x000000008ce00000| Untracked 
| 207|0x000000008cf00000, 0x000000008cf00000, 0x000000008d000000|  0%| F|  |TAMS 0x000000008cf00000, 0x000000008cf00000| Untracked 
| 208|0x000000008d000000, 0x000000008d000000, 0x000000008d100000|  0%| F|  |TAMS 0x000000008d000000, 0x000000008d000000| Untracked 
| 209|0x000000008d100000, 0x000000008d100000, 0x000000008d200000|  0%| F|  |TAMS 0x000000008d100000, 0x000000008d100000| Untracked 
| 210|0x000000008d200000, 0x000000008d200000, 0x000000008d300000|  0%| F|  |TAMS 0x000000008d200000, 0x000000008d200000| Untracked 
| 211|0x000000008d300000, 0x000000008d300000, 0x000000008d400000|  0%| F|  |TAMS 0x000000008d300000, 0x000000008d300000| Untracked 
| 212|0x000000008d400000, 0x000000008d400000, 0x000000008d500000|  0%| F|  |TAMS 0x000000008d400000, 0x000000008d400000| Untracked 
| 213|0x000000008d500000, 0x000000008d500000, 0x000000008d600000|  0%| F|  |TAMS 0x000000008d500000, 0x000000008d500000| Untracked 
| 214|0x000000008d600000, 0x000000008d600000, 0x000000008d700000|  0%| F|  |TAMS 0x000000008d600000, 0x000000008d600000| Untracked 
| 215|0x000000008d700000, 0x000000008d700000, 0x000000008d800000|  0%| F|  |TAMS 0x000000008d700000, 0x000000008d700000| Untracked 
| 216|0x000000008d800000, 0x000000008d800000, 0x000000008d900000|  0%| F|  |TAMS 0x000000008d800000, 0x000000008d800000| Untracked 
| 217|0x000000008d900000, 0x000000008d900000, 0x000000008da00000|  0%| F|  |TAMS 0x000000008d900000, 0x000000008d900000| Untracked 
| 218|0x000000008da00000, 0x000000008da00000, 0x000000008db00000|  0%| F|  |TAMS 0x000000008da00000, 0x000000008da00000| Untracked 
| 219|0x000000008db00000, 0x000000008db00000, 0x000000008dc00000|  0%| F|  |TAMS 0x000000008db00000, 0x000000008db00000| Untracked 
| 220|0x000000008dc00000, 0x000000008dc00000, 0x000000008dd00000|  0%| F|  |TAMS 0x000000008dc00000, 0x000000008dc00000| Untracked 
| 221|0x000000008dd00000, 0x000000008dd00000, 0x000000008de00000|  0%| F|  |TAMS 0x000000008dd00000, 0x000000008dd00000| Untracked 
| 222|0x000000008de00000, 0x000000008de00000, 0x000000008df00000|  0%| F|  |TAMS 0x000000008de00000, 0x000000008de00000| Untracked 
| 223|0x000000008df00000, 0x000000008df00000, 0x000000008e000000|  0%| F|  |TAMS 0x000000008df00000, 0x000000008df00000| Untracked 
| 224|0x000000008e000000, 0x000000008e000000, 0x000000008e100000|  0%| F|  |TAMS 0x000000008e000000, 0x000000008e000000| Untracked 
| 225|0x000000008e100000, 0x000000008e100000, 0x000000008e200000|  0%| F|  |TAMS 0x000000008e100000, 0x000000008e100000| Untracked 
| 226|0x000000008e200000, 0x000000008e200000, 0x000000008e300000|  0%| F|  |TAMS 0x000000008e200000, 0x000000008e200000| Untracked 
| 227|0x000000008e300000, 0x000000008e300000, 0x000000008e400000|  0%| F|  |TAMS 0x000000008e300000, 0x000000008e300000| Untracked 
| 228|0x000000008e400000, 0x000000008e400000, 0x000000008e500000|  0%| F|  |TAMS 0x000000008e400000, 0x000000008e400000| Untracked 
| 229|0x000000008e500000, 0x000000008e500000, 0x000000008e600000|  0%| F|  |TAMS 0x000000008e500000, 0x000000008e500000| Untracked 
| 230|0x000000008e600000, 0x000000008e600000, 0x000000008e700000|  0%| F|  |TAMS 0x000000008e600000, 0x000000008e600000| Untracked 
| 231|0x000000008e700000, 0x000000008e700000, 0x000000008e800000|  0%| F|  |TAMS 0x000000008e700000, 0x000000008e700000| Untracked 
| 232|0x000000008e800000, 0x000000008e800000, 0x000000008e900000|  0%| F|  |TAMS 0x000000008e800000, 0x000000008e800000| Untracked 
| 233|0x000000008e900000, 0x000000008e900000, 0x000000008ea00000|  0%| F|  |TAMS 0x000000008e900000, 0x000000008e900000| Untracked 
| 234|0x000000008ea00000, 0x000000008ea00000, 0x000000008eb00000|  0%| F|  |TAMS 0x000000008ea00000, 0x000000008ea00000| Untracked 
| 235|0x000000008eb00000, 0x000000008eb00000, 0x000000008ec00000|  0%| F|  |TAMS 0x000000008eb00000, 0x000000008eb00000| Untracked 
| 236|0x000000008ec00000, 0x000000008ec00000, 0x000000008ed00000|  0%| F|  |TAMS 0x000000008ec00000, 0x000000008ec00000| Untracked 
| 237|0x000000008ed00000, 0x000000008ed00000, 0x000000008ee00000|  0%| F|  |TAMS 0x000000008ed00000, 0x000000008ed00000| Untracked 
| 238|0x000000008ee00000, 0x000000008ee00000, 0x000000008ef00000|  0%| F|  |TAMS 0x000000008ee00000, 0x000000008ee00000| Untracked 
| 239|0x000000008ef00000, 0x000000008ef00000, 0x000000008f000000|  0%| F|  |TAMS 0x000000008ef00000, 0x000000008ef00000| Untracked 
| 240|0x000000008f000000, 0x000000008f000000, 0x000000008f100000|  0%| F|  |TAMS 0x000000008f000000, 0x000000008f000000| Untracked 
| 241|0x000000008f100000, 0x000000008f100000, 0x000000008f200000|  0%| F|  |TAMS 0x000000008f100000, 0x000000008f100000| Untracked 
| 242|0x000000008f200000, 0x000000008f200000, 0x000000008f300000|  0%| F|  |TAMS 0x000000008f200000, 0x000000008f200000| Untracked 
| 243|0x000000008f300000, 0x000000008f300000, 0x000000008f400000|  0%| F|  |TAMS 0x000000008f300000, 0x000000008f300000| Untracked 
| 244|0x000000008f400000, 0x000000008f400000, 0x000000008f500000|  0%| F|  |TAMS 0x000000008f400000, 0x000000008f400000| Untracked 
| 245|0x000000008f500000, 0x000000008f500000, 0x000000008f600000|  0%| F|  |TAMS 0x000000008f500000, 0x000000008f500000| Untracked 
| 246|0x000000008f600000, 0x000000008f600000, 0x000000008f700000|  0%| F|  |TAMS 0x000000008f600000, 0x000000008f600000| Untracked 
| 247|0x000000008f700000, 0x000000008f700000, 0x000000008f800000|  0%| F|  |TAMS 0x000000008f700000, 0x000000008f700000| Untracked 
| 248|0x000000008f800000, 0x000000008f800000, 0x000000008f900000|  0%| F|  |TAMS 0x000000008f800000, 0x000000008f800000| Untracked 
| 249|0x000000008f900000, 0x000000008f900000, 0x000000008fa00000|  0%| F|  |TAMS 0x000000008f900000, 0x000000008f900000| Untracked 
| 250|0x000000008fa00000, 0x000000008fa00000, 0x000000008fb00000|  0%| F|  |TAMS 0x000000008fa00000, 0x000000008fa00000| Untracked 
| 251|0x000000008fb00000, 0x000000008fb00000, 0x000000008fc00000|  0%| F|  |TAMS 0x000000008fb00000, 0x000000008fb00000| Untracked 
| 252|0x000000008fc00000, 0x000000008fc00000, 0x000000008fd00000|  0%| F|  |TAMS 0x000000008fc00000, 0x000000008fc00000| Untracked 
| 253|0x000000008fd00000, 0x000000008fd00000, 0x000000008fe00000|  0%| F|  |TAMS 0x000000008fd00000, 0x000000008fd00000| Untracked 

Card table byte_map: [0x0000024d250e0000,0x0000024d254e0000] _byte_map_base: 0x0000024d24ce0000

Marking Bits (Prev, Next): (CMBitMap*) 0x0000024d11f00948, (CMBitMap*) 0x0000024d11f00980
 Prev Bits: [0x0000024d258e0000, 0x0000024d278e0000)
 Next Bits: [0x0000024d278e0000, 0x0000024d298e0000)

Polling page: 0x0000024d0fe00000

Metaspace:

Usage:
  Non-class:     43.59 MB capacity,    42.74 MB ( 98%) used,   721.73 KB (  2%) free+waste,   146.94 KB ( <1%) overhead. 
      Class:      6.98 MB capacity,     6.45 MB ( 92%) used,   468.96 KB (  7%) free+waste,    72.13 KB (  1%) overhead. 
       Both:     50.57 MB capacity,    49.19 MB ( 97%) used,     1.16 MB (  2%) free+waste,   219.06 KB ( <1%) overhead. 

Virtual space:
  Non-class space:       52.00 MB reserved,      43.62 MB ( 84%) committed 
      Class space:        1.00 GB reserved,       7.00 MB ( <1%) committed 
             Both:        1.05 GB reserved,      50.62 MB (  5%) committed 

Chunk freelists:
   Non-Class:  32.00 KB
       Class:  0 bytes
        Both:  32.00 KB

MaxMetaspaceSize: 17179869184.00 GB
CompressedClassSpaceSize: 1.00 GB

CodeHeap 'non-profiled nmethods': size=120000Kb used=2652Kb max_used=2652Kb free=117348Kb
 bounds [0x0000024d1d480000, 0x0000024d1d720000, 0x0000024d249b0000]
CodeHeap 'profiled nmethods': size=120000Kb used=9186Kb max_used=9186Kb free=110813Kb
 bounds [0x0000024d15f50000, 0x0000024d16850000, 0x0000024d1d480000]
CodeHeap 'non-nmethods': size=5760Kb used=2232Kb max_used=2263Kb free=3527Kb
 bounds [0x0000024d159b0000, 0x0000024d15c20000, 0x0000024d15f50000]
 total_blobs=5246 nmethods=4435 adapters=722
 compilation: enabled
              stopped_count=0, restarted_count=0
 full_count=0

Compilation events (20 events):
Event: 12.616 Thread 0x0000024d2cbff800 nmethod 4434 0x0000024d16846890 code [0x0000024d16846a40, 0x0000024d16846be8]
Event: 12.616 Thread 0x0000024d2cbff800 4437       1       com.google.common.collect.SingletonImmutableSet::size (2 bytes)
Event: 12.616 Thread 0x0000024d2cbff800 nmethod 4437 0x0000024d1d715d90 code [0x0000024d1d715f40, 0x0000024d1d715ff8]
Event: 12.619 Thread 0x0000024d2cbfd000 4438       4       jdk.internal.loader.ClassLoaders$BootClassLoader::loadClassOrNull (11 bytes)
Event: 12.622 Thread 0x0000024d2cbff800 4439       1       java.lang.Thread::getThreadGroup (5 bytes)
Event: 12.622 Thread 0x0000024d2cbff800 nmethod 4439 0x0000024d1d716090 code [0x0000024d1d716240, 0x0000024d1d7162f8]
Event: 12.622 Thread 0x0000024d2cbfd000 nmethod 4438 0x0000024d1d716390 code [0x0000024d1d716540, 0x0000024d1d716768]
Event: 12.622 Thread 0x0000024d2cbff800 4440       3       java.security.AccessControlContext::combine (205 bytes)
Event: 12.623 Thread 0x0000024d2cbff800 nmethod 4440 0x0000024d16846c90 code [0x0000024d16846ec0, 0x0000024d168479d8]
Event: 12.628 Thread 0x0000024d2cbff800 4441       3       java.util.concurrent.atomic.AtomicBoolean::set (14 bytes)
Event: 12.628 Thread 0x0000024d2cbff800 nmethod 4441 0x0000024d16847d10 code [0x0000024d16847ec0, 0x0000024d16848018]
Event: 12.628 Thread 0x0000024d2cbff800 4442       3       org.gradle.internal.operations.CurrentBuildOperationRef::set (23 bytes)
Event: 12.628 Thread 0x0000024d2cbff800 nmethod 4442 0x0000024d16848090 code [0x0000024d16848260, 0x0000024d16848538]
Event: 12.628 Thread 0x0000024d2cbff800 4443       3       org.gradle.internal.logging.progress.DefaultProgressLoggerFactory$ProgressLoggerImpl::ensureNotNull (11 bytes)
Event: 12.629 Thread 0x0000024d2cbff800 nmethod 4443 0x0000024d16848610 code [0x0000024d168487c0, 0x0000024d16848918]
Event: 12.629 Thread 0x0000024d2cbff800 4444       1       java.lang.ThreadLocal::initialValue (2 bytes)
Event: 12.629 Thread 0x0000024d2cbff800 nmethod 4444 0x0000024d1d716a10 code [0x0000024d1d716bc0, 0x0000024d1d716c78]
Event: 12.630 Thread 0x0000024d2cbff800 4445       1       org.gradle.internal.component.external.model.DefaultModuleComponentArtifactMetadata::getId (5 bytes)
Event: 12.630 Thread 0x0000024d2cbff800 nmethod 4445 0x0000024d1d716d10 code [0x0000024d1d716ec0, 0x0000024d1d716f78]
Event: 12.631 Thread 0x0000024d2cbfd000 4446       4       java.lang.invoke.MethodType::makeImpl (108 bytes)

GC Heap History (12 events):
Event: 1.059 GC heap before
{Heap before GC invocations=0 (full 0):
 garbage-first heap   total 260096K, used 29696K [0x0000000080000000, 0x0000000100000000)
  region size 1024K, 24 young (24576K), 0 survivors (0K)
 Metaspace       used 9840K, capacity 10050K, committed 10112K, reserved 1058816K
  class space    used 1021K, capacity 1102K, committed 1152K, reserved 1048576K
}
Event: 1.065 GC heap after
{Heap after GC invocations=1 (full 0):
 garbage-first heap   total 260096K, used 9357K [0x0000000080000000, 0x0000000100000000)
  region size 1024K, 3 young (3072K), 3 survivors (3072K)
 Metaspace       used 9840K, capacity 10050K, committed 10112K, reserved 1058816K
  class space    used 1021K, capacity 1102K, committed 1152K, reserved 1048576K
}
Event: 4.792 GC heap before
{Heap before GC invocations=1 (full 0):
 garbage-first heap   total 260096K, used 108685K [0x0000000080000000, 0x0000000100000000)
  region size 1024K, 100 young (102400K), 3 survivors (3072K)
 Metaspace       used 20635K, capacity 21151K, committed 21296K, reserved 1069056K
  class space    used 2513K, capacity 2688K, committed 2688K, reserved 1048576K
}
Event: 4.808 GC heap after
{Heap after GC invocations=2 (full 0):
 garbage-first heap   total 260096K, used 16852K [0x0000000080000000, 0x0000000100000000)
  region size 1024K, 11 young (11264K), 11 survivors (11264K)
 Metaspace       used 20635K, capacity 21151K, committed 21296K, reserved 1069056K
  class space    used 2513K, capacity 2688K, committed 2688K, reserved 1048576K
}
Event: 6.172 GC heap before
{Heap before GC invocations=3 (full 0):
 garbage-first heap   total 260096K, used 57812K [0x0000000080000000, 0x0000000100000000)
  region size 1024K, 51 young (52224K), 11 survivors (11264K)
 Metaspace       used 24526K, capacity 25049K, committed 25392K, reserved 1071104K
  class space    used 3159K, capacity 3353K, committed 3456K, reserved 1048576K
}
Event: 6.182 GC heap after
{Heap after GC invocations=4 (full 0):
 garbage-first heap   total 260096K, used 18496K [0x0000000080000000, 0x0000000100000000)
  region size 1024K, 2 young (2048K), 2 survivors (2048K)
 Metaspace       used 24526K, capacity 25049K, committed 25392K, reserved 1071104K
  class space    used 3159K, capacity 3353K, committed 3456K, reserved 1048576K
}
Event: 8.382 GC heap before
{Heap before GC invocations=4 (full 0):
 garbage-first heap   total 260096K, used 89152K [0x0000000080000000, 0x0000000100000000)
  region size 1024K, 73 young (74752K), 2 survivors (2048K)
 Metaspace       used 34817K, capacity 35607K, committed 35708K, reserved 1081344K
  class space    used 4528K, capacity 4832K, committed 4864K, reserved 1048576K
}
Event: 8.394 GC heap after
{Heap after GC invocations=5 (full 0):
 garbage-first heap   total 260096K, used 22658K [0x0000000080000000, 0x0000000100000000)
  region size 1024K, 6 young (6144K), 6 survivors (6144K)
 Metaspace       used 34817K, capacity 35607K, committed 35708K, reserved 1081344K
  class space    used 4528K, capacity 4832K, committed 4864K, reserved 1048576K
}
Event: 10.971 GC heap before
{Heap before GC invocations=6 (full 0):
 garbage-first heap   total 260096K, used 135298K [0x0000000080000000, 0x0000000100000000)
  region size 1024K, 112 young (114688K), 6 survivors (6144K)
 Metaspace       used 45873K, capacity 47067K, committed 47228K, reserved 1089536K
  class space    used 5927K, capacity 6358K, committed 6400K, reserved 1048576K
}
Event: 10.986 GC heap after
{Heap after GC invocations=7 (full 0):
 garbage-first heap   total 260096K, used 28344K [0x0000000080000000, 0x0000000100000000)
  region size 1024K, 12 young (12288K), 12 survivors (12288K)
 Metaspace       used 45873K, capacity 47067K, committed 47228K, reserved 1089536K
  class space    used 5927K, capacity 6358K, committed 6400K, reserved 1048576K
}
Event: 12.633 GC heap before
{Heap before GC invocations=7 (full 0):
 garbage-first heap   total 260096K, used 100024K [0x0000000080000000, 0x0000000100000000)
  region size 1024K, 83 young (84992K), 12 survivors (12288K)
 Metaspace       used 50370K, capacity 51780K, committed 51836K, reserved 1099776K
  class space    used 6602K, capacity 7144K, committed 7168K, reserved 1048576K
}
Event: 12.648 GC heap after
{Heap after GC invocations=8 (full 0):
 garbage-first heap   total 260096K, used 30596K [0x0000000080000000, 0x0000000100000000)
  region size 1024K, 9 young (9216K), 9 survivors (9216K)
 Metaspace       used 50370K, capacity 51780K, committed 51836K, reserved 1099776K
  class space    used 6602K, capacity 7144K, committed 7168K, reserved 1048576K
}

Deoptimization events (20 events):
Event: 12.558 Thread 0x0000024d2eb1e000 Uncommon trap: trap_request=0xffffff4d fr.pc=0x0000024d1d663e6c relative=0x00000000000001cc
Event: 12.558 Thread 0x0000024d2eb1e000 Uncommon trap: reason=unstable_if action=reinterpret pc=0x0000024d1d663e6c method=java.util.ArrayDeque.addLast(Ljava/lang/Object;)V @ 42 c2
Event: 12.558 Thread 0x0000024d2eb1e000 DEOPT PACKING pc=0x0000024d1d663e6c sp=0x000000f98bff75c0
Event: 12.558 Thread 0x0000024d2eb1e000 DEOPT UNPACKING pc=0x0000024d159d78af sp=0x000000f98bff7580 mode 2
Event: 12.596 Thread 0x0000024d2eb1e000 Uncommon trap: trap_request=0xffffff4d fr.pc=0x0000024d1d664370 relative=0x00000000000001d0
Event: 12.596 Thread 0x0000024d2eb1e000 Uncommon trap: reason=unstable_if action=reinterpret pc=0x0000024d1d664370 method=java.util.ArrayDeque.addLast(Ljava/lang/Object;)V @ 42 c2
Event: 12.596 Thread 0x0000024d2eb1e000 DEOPT PACKING pc=0x0000024d1d664370 sp=0x000000f98bff7340
Event: 12.596 Thread 0x0000024d2eb1e000 DEOPT UNPACKING pc=0x0000024d159d78af sp=0x000000f98bff7298 mode 2
Event: 12.629 Thread 0x0000024d2eb1e000 Uncommon trap: trap_request=0xffffffde fr.pc=0x0000024d1d58bd00 relative=0x0000000000001340
Event: 12.629 Thread 0x0000024d2eb1e000 Uncommon trap: reason=class_check action=maybe_recompile pc=0x0000024d1d58bd00 method=java.util.concurrent.ConcurrentHashMap.putVal(Ljava/lang/Object;Ljava/lang/Object;Z)Ljava/lang/Object; @ 242 c2
Event: 12.629 Thread 0x0000024d2eb1e000 DEOPT PACKING pc=0x0000024d1d58bd00 sp=0x000000f98bff5da0
Event: 12.629 Thread 0x0000024d2eb1e000 DEOPT UNPACKING pc=0x0000024d159d78af sp=0x000000f98bff5d20 mode 2
Event: 12.629 Thread 0x0000024d2eb1e000 Uncommon trap: trap_request=0xffffff5c fr.pc=0x0000024d1d68e638 relative=0x00000000000013f8
Event: 12.629 Thread 0x0000024d2eb1e000 Uncommon trap: reason=speculate_null_assert action=make_not_entrant pc=0x0000024d1d68e638 method=java.lang.invoke.MethodType$ConcurrentWeakInternSet.add(Ljava/lang/Object;)Ljava/lang/Object; @ 47 c2
Event: 12.629 Thread 0x0000024d2eb1e000 DEOPT PACKING pc=0x0000024d1d68e638 sp=0x000000f98bff5e60
Event: 12.629 Thread 0x0000024d2eb1e000 DEOPT UNPACKING pc=0x0000024d159d78af sp=0x000000f98bff5e18 mode 2
Event: 12.629 Thread 0x0000024d2eb1e000 Uncommon trap: trap_request=0xffffffde fr.pc=0x0000024d1d58bd00 relative=0x0000000000001340
Event: 12.629 Thread 0x0000024d2eb1e000 Uncommon trap: reason=class_check action=maybe_recompile pc=0x0000024d1d58bd00 method=java.util.concurrent.ConcurrentHashMap.putVal(Ljava/lang/Object;Ljava/lang/Object;Z)Ljava/lang/Object; @ 242 c2
Event: 12.629 Thread 0x0000024d2eb1e000 DEOPT PACKING pc=0x0000024d1d58bd00 sp=0x000000f98bff6080
Event: 12.629 Thread 0x0000024d2eb1e000 DEOPT UNPACKING pc=0x0000024d159d78af sp=0x000000f98bff6000 mode 2

Classes redefined (0 events):
No events

Internal exceptions (20 events):
Event: 10.603 Thread 0x0000024d2eb1e000 Exception <a 'java/lang/NoSuchMethodError'{0x000000008a1a6150}: 'java.lang.Object java.lang.invoke.DirectMethodHandle$Holder.invokeSpecial(java.lang.Object, java.lang.Object, int, java.lang.Object, java.lang.Object, java.lang.Object)'> (0x000000008a1a6150) thrown at [./src/hotspot/share/interpreter/linkResolver.cpp, line 773]
Event: 10.604 Thread 0x0000024d2eb1e000 Exception <a 'java/lang/NoSuchMethodError'{0x000000008a1ba640}: 'java.lang.Object java.lang.invoke.DirectMethodHandle$Holder.invokeStatic(java.lang.Object, java.lang.Object, int, java.lang.Object)'> (0x000000008a1ba640) thrown at [./src/hotspot/share/interpreter/linkResolver.cpp, line 773]
Event: 10.605 Thread 0x0000024d2eb1e000 Exception <a 'java/lang/NoSuchMethodError'{0x000000008a1bf270}: 'java.lang.Object java.lang.invoke.DirectMethodHandle$Holder.invokeSpecial(java.lang.Object, java.lang.Object, java.lang.Object, int, java.lang.Object)'> (0x000000008a1bf270) thrown at [./src/hotspot/share/interpreter/linkResolver.cpp, line 773]
Event: 10.605 Thread 0x0000024d2eb1e000 Exception <a 'java/lang/NoSuchMethodError'{0x000000008a1c37b0}: 'java.lang.Object java.lang.invoke.Invokers$Holder.linkToTargetMethod(java.lang.Object, int, java.lang.Object, java.lang.Object)'> (0x000000008a1c37b0) thrown at [./src/hotspot/share/interpreter/linkResolver.cpp, line 773]
Event: 10.657 Thread 0x0000024d2eb1e000 Exception <a 'java/lang/NoSuchMethodError'{0x0000000089f8efd8}: 'void java.lang.invoke.DirectMethodHandle$Holder.invokeStatic(java.lang.Object, java.lang.Object, java.lang.Object, java.lang.Object, java.lang.Object, java.lang.Object, java.lang.Object)'> (0x0000000089f8efd8) thrown at [./src/hotspot/share/interpreter/linkResolver.cpp, line 773]
Event: 10.808 Thread 0x0000024d2f842000 Exception <a 'java/lang/NoSuchMethodError'{0x000000008fd0e7e8}: <clinit>> (0x000000008fd0e7e8) thrown at [./src/hotspot/share/prims/jni.cpp, line 1362]
Event: 10.808 Thread 0x0000024d2f842000 Exception <a 'java/lang/NoSuchMethodError'{0x000000008fd0fdd8}: <clinit>> (0x000000008fd0fdd8) thrown at [./src/hotspot/share/prims/jni.cpp, line 1362]
Event: 10.810 Thread 0x0000024d2f842000 Exception <a 'java/lang/NoSuchMethodError'{0x000000008960b838}: <clinit>> (0x000000008960b838) thrown at [./src/hotspot/share/prims/jni.cpp, line 1362]
Event: 10.810 Thread 0x0000024d2f842000 Exception <a 'java/lang/NoSuchMethodError'{0x000000008960d688}: <clinit>> (0x000000008960d688) thrown at [./src/hotspot/share/prims/jni.cpp, line 1362]
Event: 10.814 Thread 0x0000024d2f842000 Exception <a 'java/lang/NoSuchMethodError'{0x000000008961ca00}: <clinit>> (0x000000008961ca00) thrown at [./src/hotspot/share/prims/jni.cpp, line 1362]
Event: 10.933 Thread 0x0000024d2eb1e000 Exception <a 'java/lang/NoSuchMethodError'{0x0000000088f5d9e8}: 'java.lang.Object java.lang.invoke.DirectMethodHandle$Holder.invokeSpecial(java.lang.Object, java.lang.Object, java.lang.Object, java.lang.Object, java.lang.Object, java.lang.Object, java.lang.Object, java.lang.Object, java.lang.Object, java.lang.Object)'> (0x0000000088f5d9e8) thrown at [./src/hotspot/share/interpreter/linkResolver.cpp, line 773]
Event: 10.934 Thread 0x0000024d2eb1e000 Exception <a 'java/lang/NoSuchMethodError'{0x0000000088f66750}: 'java.lang.Object java.lang.invoke.Invokers$Holder.invoker(java.lang.Object, java.lang.Object, java.lang.Object, java.lang.Object, java.lang.Object, java.lang.Object, java.lang.Object, java.lang.Object, java.lang.Object)'> (0x0000000088f66750) thrown at [./src/hotspot/share/interpreter/linkResolver.cpp, line 773]
Event: 10.997 Thread 0x0000024d2eb1e000 Exception <a 'java/lang/NoSuchMethodError'{0x000000008fd22e48}: 'java.lang.Object java.lang.invoke.Invokers$Holder.invoker(java.lang.Object, java.lang.Object, java.lang.Object, java.lang.Object, java.lang.Object, java.lang.Object, java.lang.Object, java.lang.Object, java.lang.Object, java.lang.Object, java.lang.Object, java.lang.Object, java.lang.Object, java.lang.Object, java.lang.Object, java.lang.Object, java.lang.Object, java.lang.Object, java.lang.Object, java.lang.Object)'> (0x000000008fd22e48) throw
Event: 10.997 Thread 0x0000024d2eb1e000 Exception <a 'java/lang/NoSuchMethodError'{0x000000008fd29cb0}: 'java.lang.Object java.lang.invoke.DelegatingMethodHandle$Holder.delegate(java.lang.Object, java.lang.Object, java.lang.Object, java.lang.Object, java.lang.Object, java.lang.Object, java.lang.Object, java.lang.Object, java.lang.Object, java.lang.Object, java.lang.Object, java.lang.Object, java.lang.Object, java.lang.Object, java.lang.Object, java.lang.Object, java.lang.Object, java.lang.Object, java.lang.Object, java.lang.Object)'> (0x00000000
Event: 11.005 Thread 0x0000024d2eb1e000 Exception <a 'java/lang/NoSuchMethodError'{0x000000008fd7a850}: 'java.lang.Object java.lang.invoke.DelegatingMethodHandle$Holder.reinvoke_L(java.lang.Object, java.lang.Object, java.lang.Object, java.lang.Object, java.lang.Object, java.lang.Object, java.lang.Object, java.lang.Object, java.lang.Object, java.lang.Object, java.lang.Object, java.lang.Object, java.lang.Object, java.lang.Object, java.lang.Object, java.lang.Object, java.lang.Object, java.lang.Object, java.lang.Object)'> (0x000000008fd7a850) thrown
Event: 11.172 Thread 0x0000024d2eb1e000 Exception <a 'java/lang/NoSuchMethodError'{0x000000008f9bc590}: <clinit>> (0x000000008f9bc590) thrown at [./src/hotspot/share/prims/jni.cpp, line 1362]
Event: 11.255 Thread 0x0000024d2eb1e000 Exception <a 'java/lang/NoSuchMethodError'{0x000000008f5971d8}: 'int java.lang.invoke.DirectMethodHandle$Holder.invokeStaticInit(java.lang.Object, java.lang.Object, java.lang.Object, java.lang.Object, java.lang.Object)'> (0x000000008f5971d8) thrown at [./src/hotspot/share/interpreter/linkResolver.cpp, line 773]
Event: 12.056 Thread 0x0000024d2eb1e000 Exception <a 'java/lang/IncompatibleClassChangeError'{0x000000008cdd5b70}: Found class java.lang.Object, but interface was expected> (0x000000008cdd5b70) thrown at [./src/hotspot/share/interpreter/linkResolver.cpp, line 839]
Event: 12.383 Thread 0x0000024d2eb1e000 Exception <a 'java/lang/NoSuchMethodError'{0x000000008c4bb518}: 'int java.lang.invoke.DirectMethodHandle$Holder.invokeStaticInit(java.lang.Object)'> (0x000000008c4bb518) thrown at [./src/hotspot/share/interpreter/linkResolver.cpp, line 773]
Event: 12.439 Thread 0x0000024d2eb1e000 Exception <a 'java/lang/NoSuchMethodError'{0x000000008c1afdb0}: 'void java.lang.invoke.DirectMethodHandle$Holder.invokeStatic(java.lang.Object, java.lang.Object, java.lang.Object, int, java.lang.Object)'> (0x000000008c1afdb0) thrown at [./src/hotspot/share/interpreter/linkResolver.cpp, line 773]

Events (20 events):
Event: 12.631 loading class org/gradle/internal/resource/cached/AbstractCachedIndex done
Event: 12.631 loading class org/gradle/internal/resource/cached/CachedItem
Event: 12.631 loading class org/gradle/internal/resource/cached/CachedItem done
Event: 12.631 loading class org/gradle/internal/resource/cached/AbstractCachedIndex
Event: 12.631 loading class org/gradle/internal/resource/cached/AbstractCachedIndex done
Event: 12.631 loading class org/gradle/internal/resource/cached/AbstractCachedIndex
Event: 12.631 loading class org/gradle/internal/resource/cached/AbstractCachedIndex done
Event: 12.631 loading class org/gradle/internal/resource/cached/AbstractCachedIndex
Event: 12.631 loading class org/gradle/internal/resource/cached/AbstractCachedIndex done
Event: 12.631 loading class org/gradle/internal/resource/cached/CachedItem
Event: 12.631 loading class org/gradle/internal/resource/cached/CachedItem done
Event: 12.631 loading class org/gradle/internal/resource/cached/AbstractCachedIndex
Event: 12.631 loading class org/gradle/internal/resource/cached/AbstractCachedIndex done
Event: 12.631 loading class org/gradle/internal/resource/cached/AbstractCachedIndex
Event: 12.631 loading class org/gradle/internal/resource/cached/AbstractCachedIndex done
Event: 12.631 loading class org/gradle/internal/resource/cached/AbstractCachedIndex
Event: 12.631 loading class org/gradle/internal/resource/cached/AbstractCachedIndex done
Event: 12.632 loading class org/gradle/api/internal/artifacts/ivyservice/modulecache/artifacts/DefaultCachedArtifact
Event: 12.632 loading class org/gradle/api/internal/artifacts/ivyservice/modulecache/artifacts/DefaultCachedArtifact done
Event: 12.633 Executing VM operation: CollectForMetadataAllocation


Dynamic libraries:
0x00007ff7ccf80000 - 0x00007ff7ccf8a000 	C:\Program Files\Android\Android Studio\jre\bin\java.exe
0x00007ffe94170000 - 0x00007ffe94365000 	C:\Windows\SYSTEM32\ntdll.dll
0x00007ffe921b0000 - 0x00007ffe9226e000 	C:\Windows\System32\KERNEL32.DLL
0x00007ffe91990000 - 0x00007ffe91c58000 	C:\Windows\System32\KERNELBASE.dll
0x00007ffe91d90000 - 0x00007ffe91e90000 	C:\Windows\System32\ucrtbase.dll
0x00007ffe794e0000 - 0x00007ffe794f7000 	C:\Program Files\Android\Android Studio\jre\bin\VCRUNTIME140.dll
0x00007ffe71170000 - 0x00007ffe71189000 	C:\Program Files\Android\Android Studio\jre\bin\jli.dll
0x00007ffe93230000 - 0x00007ffe933d1000 	C:\Windows\System32\USER32.dll
0x00007ffe83bd0000 - 0x00007ffe83e6a000 	C:\Windows\WinSxS\amd64_microsoft.windows.common-controls_6595b64144ccf1df_6.0.19041.1110_none_60b5254171f9507e\COMCTL32.dll
0x00007ffe93c70000 - 0x00007ffe93d0e000 	C:\Windows\System32\msvcrt.dll
0x00007ffe92180000 - 0x00007ffe921a2000 	C:\Windows\System32\win32u.dll
0x00007ffe92a30000 - 0x00007ffe92a5b000 	C:\Windows\System32\GDI32.dll
0x00007ffe91ec0000 - 0x00007ffe91fcd000 	C:\Windows\System32\gdi32full.dll
0x00007ffe91c60000 - 0x00007ffe91cfd000 	C:\Windows\System32\msvcp_win.dll
0x00007ffe93ee0000 - 0x00007ffe93f10000 	C:\Windows\System32\IMM32.DLL
0x00007ffe2ce60000 - 0x00007ffe2cefd000 	C:\Program Files\Android\Android Studio\jre\bin\msvcp140.dll
0x00007ffe23a90000 - 0x00007ffe2455f000 	C:\Program Files\Android\Android Studio\jre\bin\server\jvm.dll
0x00007ffe92c50000 - 0x00007ffe92cfe000 	C:\Windows\System32\ADVAPI32.dll
0x00007ffe93060000 - 0x00007ffe930fc000 	C:\Windows\System32\sechost.dll
0x00007ffe93db0000 - 0x00007ffe93ed5000 	C:\Windows\System32\RPCRT4.dll
0x00007ffe93b30000 - 0x00007ffe93b38000 	C:\Windows\System32\PSAPI.DLL
0x00007ffe6f3d0000 - 0x00007ffe6f3d9000 	C:\Windows\SYSTEM32\WSOCK32.dll
0x00007ffe93d30000 - 0x00007ffe93d9b000 	C:\Windows\System32\WS2_32.dll
0x00007ffe87da0000 - 0x00007ffe87dc7000 	C:\Windows\SYSTEM32\WINMM.dll
0x00007ffe8b740000 - 0x00007ffe8b74a000 	C:\Windows\SYSTEM32\VERSION.dll
0x00007ffe8f770000 - 0x00007ffe8f782000 	C:\Windows\SYSTEM32\kernel.appcore.dll
0x00007ffe7a940000 - 0x00007ffe7a951000 	C:\Program Files\Android\Android Studio\jre\bin\verify.dll
0x00007ffe799e0000 - 0x00007ffe79bc4000 	C:\Windows\SYSTEM32\DBGHELP.DLL
0x00007ffe78290000 - 0x00007ffe782bc000 	C:\Windows\SYSTEM32\dbgcore.DLL
0x00007ffe91d00000 - 0x00007ffe91d82000 	C:\Windows\System32\bcryptPrimitives.dll
0x00007ffe71140000 - 0x00007ffe71169000 	C:\Program Files\Android\Android Studio\jre\bin\java.dll
0x00007ffe836c0000 - 0x00007ffe836cb000 	C:\Program Files\Android\Android Studio\jre\bin\jimage.dll
0x00007ffe71120000 - 0x00007ffe71138000 	C:\Program Files\Android\Android Studio\jre\bin\zip.dll
0x00007ffe933e0000 - 0x00007ffe93b24000 	C:\Windows\System32\SHELL32.dll
0x00007ffe8f970000 - 0x00007ffe90105000 	C:\Windows\SYSTEM32\windows.storage.dll
0x00007ffe92d00000 - 0x00007ffe93055000 	C:\Windows\System32\combase.dll
0x00007ffe912d0000 - 0x00007ffe912fe000 	C:\Windows\SYSTEM32\Wldp.dll
0x00007ffe93b40000 - 0x00007ffe93bed000 	C:\Windows\System32\SHCORE.dll
0x00007ffe92270000 - 0x00007ffe922c5000 	C:\Windows\System32\shlwapi.dll
0x00007ffe917c0000 - 0x00007ffe917df000 	C:\Windows\SYSTEM32\profapi.dll
0x00007ffe71100000 - 0x00007ffe7111a000 	C:\Program Files\Android\Android Studio\jre\bin\net.dll
0x00007ffe876c0000 - 0x00007ffe877cc000 	C:\Windows\SYSTEM32\WINHTTP.dll
0x00007ffe91030000 - 0x00007ffe9109a000 	C:\Windows\system32\mswsock.dll
0x00007ffe6c6b0000 - 0x00007ffe6c6c4000 	C:\Program Files\Android\Android Studio\jre\bin\nio.dll
0x00007ffe8d430000 - 0x00007ffe8d457000 	C:\Users\Quan Trong Tu\.gradle\native\8bec1ad78214c89d9ad589b4d07fe93259594b29d510b10fafb7a158f7737e5d\windows-amd64\native-platform.dll
0x00007ffe6dc40000 - 0x00007ffe6dd7d000 	C:\Users\Quan Trong Tu\.gradle\native\53dbd7edfb1c66fb8903c78663c9afc45aea4f116125fa6feffd364cf09443e8\windows-amd64\native-platform-file-events.dll
0x00007ffe83600000 - 0x00007ffe8360a000 	C:\Program Files\Android\Android Studio\jre\bin\management.dll
0x00007ffe834f0000 - 0x00007ffe834fc000 	C:\Program Files\Android\Android Studio\jre\bin\management_ext.dll
0x00007ffe91220000 - 0x00007ffe91238000 	C:\Windows\SYSTEM32\CRYPTSP.dll
0x00007ffe90940000 - 0x00007ffe90974000 	C:\Windows\system32\rsaenh.dll
0x00007ffe91e90000 - 0x00007ffe91eb7000 	C:\Windows\System32\bcrypt.dll
0x00007ffe91780000 - 0x00007ffe917ae000 	C:\Windows\SYSTEM32\USERENV.dll
0x00007ffe91240000 - 0x00007ffe9124c000 	C:\Windows\SYSTEM32\CRYPTBASE.dll
0x00007ffe90cd0000 - 0x00007ffe90d0b000 	C:\Windows\SYSTEM32\IPHLPAPI.DLL
0x00007ffe93da0000 - 0x00007ffe93da8000 	C:\Windows\System32\NSI.dll
0x00007ffe89f10000 - 0x00007ffe89f27000 	C:\Windows\SYSTEM32\dhcpcsvc6.DLL
0x00007ffe8a560000 - 0x00007ffe8a57d000 	C:\Windows\SYSTEM32\dhcpcsvc.DLL
0x00007ffe90d10000 - 0x00007ffe90ddb000 	C:\Windows\SYSTEM32\DNSAPI.dll

dbghelp: loaded successfully - version: 4.0.5 - missing functions: none
symbol engine: initialized successfully - sym options: 0x614 - pdb path: .;C:\Program Files\Android\Android Studio\jre\bin;C:\Windows\SYSTEM32;C:\Windows\WinSxS\amd64_microsoft.windows.common-controls_6595b64144ccf1df_6.0.19041.1110_none_60b5254171f9507e;C:\Program Files\Android\Android Studio\jre\bin\server;C:\Users\Quan Trong Tu\.gradle\native\8bec1ad78214c89d9ad589b4d07fe93259594b29d510b10fafb7a158f7737e5d\windows-amd64;C:\Users\Quan Trong Tu\.gradle\native\53dbd7edfb1c66fb8903c78663c9afc45aea4f116125fa6feffd364cf09443e8\windows-amd64

VM Arguments:
jvm_args: --add-opens=java.base/java.util=ALL-UNNAMED --add-opens=java.base/java.lang=ALL-UNNAMED --add-opens=java.base/java.lang.invoke=ALL-UNNAMED --add-opens=java.base/java.util=ALL-UNNAMED --add-opens=java.prefs/java.util.prefs=ALL-UNNAMED --add-opens=java.prefs/java.util.prefs=ALL-UNNAMED --add-opens=java.base/java.nio.charset=ALL-UNNAMED --add-opens=java.base/java.net=ALL-UNNAMED --add-opens=java.base/java.util.concurrent.atomic=ALL-UNNAMED -Xmx2048m -Dfile.encoding=UTF-8 -Duser.country=US -Duser.language=en -Duser.variant 
java_command: org.gradle.launcher.daemon.bootstrap.GradleDaemon 7.0.2
java_class_path (initial): C:\Users\Quan Trong Tu\.gradle\wrapper\dists\gradle-7.0.2-bin\857tjihv64xamwrf0h14cai3r\gradle-7.0.2\lib\gradle-launcher-7.0.2.jar
Launcher Type: SUN_STANDARD

[Global flags]
     intx CICompilerCount                          = 4                                         {product} {ergonomic}
     uint ConcGCThreads                            = 2                                         {product} {ergonomic}
     uint G1ConcRefinementThreads                  = 8                                         {product} {ergonomic}
   size_t G1HeapRegionSize                         = 1048576                                   {product} {ergonomic}
    uintx GCDrainStackTargetSize                   = 64                                        {product} {ergonomic}
   size_t InitialHeapSize                          = 266338304                                 {product} {ergonomic}
   size_t MarkStackSize                            = 4194304                                   {product} {ergonomic}
   size_t MaxHeapSize                              = 2147483648                                {product} {command line}
   size_t MaxNewSize                               = 1287651328                                {product} {ergonomic}
   size_t MinHeapDeltaBytes                        = 1048576                                   {product} {ergonomic}
    uintx NonNMethodCodeHeapSize                   = 5836300                                {pd product} {ergonomic}
    uintx NonProfiledCodeHeapSize                  = 122910970                              {pd product} {ergonomic}
    uintx ProfiledCodeHeapSize                     = 122910970                              {pd product} {ergonomic}
    uintx ReservedCodeCacheSize                    = 251658240                              {pd product} {ergonomic}
     bool SegmentedCodeCache                       = true                                      {product} {ergonomic}
     bool UseCompressedClassPointers               = true                                 {lp64_product} {ergonomic}
     bool UseCompressedOops                        = true                                 {lp64_product} {ergonomic}
     bool UseG1GC                                  = true                                      {product} {ergonomic}
     bool UseLargePagesIndividualAllocation        = false                                  {pd product} {ergonomic}

Logging:
Log output configuration:
 #0: stdout all=warning uptime,level,tags
 #1: stderr all=off uptime,level,tags

Environment Variables:
JAVA_HOME=C:\Program Files\Java\jdk1.8.0_251
PATH=C:\Users\Quan Trong Tu\AppData\Local\Programs\Python\Python37\Scripts\;C:\Users\Quan Trong Tu\AppData\Local\Programs\Python\Python37\;C:\Program Files\Common Files\Oracle\Java\javapath;C:\Program Files (x86)\Common Files\Oracle\Java\javapath;C:\Windows\system32;C:\Windows;C:\Windows\System32\Wbem;C:\Windows\System32\WindowsPowerShell\v1.0\;C:\Windows\System32\OpenSSH\;C:\Program Files\Java\jdk1.8.0_251\bin;D:\Download\scrcpy-win64-v1.12.1;C:\Program Files\nodejs\;C:\ProgramData\chocolatey\bin;C:\Program Files\Git\cmd;C:\Users\Quan Trong Tu\AppData\Local\Android\Sdk\platform-tools;C:\Users\Quan Trong Tu\AppData\Local\Android\Sdk\ tools;C:\Program Files\dotnet\;C:\Users\Quan Trong Tu\AppData\Local\Programs\Python\Python37\Scripts\;C:\Users\Quan Trong Tu\AppData\Local\Programs\Python\Python37\;C:\Users\Quan Trong Tu\AppData\Local\Microsoft\WindowsApps;C:\Users\Quan Trong Tu\AppData\Roaming\npm;C:\Program Files\JetBrains\IntelliJ IDEA Community Edition 2021.2.2\bin;;C:\Users\Quan Trong Tu\AppData\Local\Programs\AxToolkit Global Edition;C:\Program Files\JetBrains\PyCharm Community Edition 2021.2.2\bin;;C:\Users\Quan Trong Tu\AppData\Local\Android\Sdk\platform-tools;C:\Users\Quan Trong Tu\AppData\Local\Android\Sdk\tools;C:\Users\Quan Trong Tu\.dotnet\tools
USERNAME=Quan Trong Tu
OS=Windows_NT
PROCESSOR_IDENTIFIER=Intel64 Family 6 Model 158 Stepping 10, GenuineIntel



---------------  S Y S T E M  ---------------

OS: Windows 10 , 64 bit Build 19041 (10.0.19041.1466)
OS uptime: 0 days 2:15 hours

CPU:total 8 (initial active 8) (4 cores per cpu, 2 threads per core) family 6 model 158 stepping 10 microcode 0xd2, cmov, cx8, fxsr, mmx, sse, sse2, sse3, ssse3, sse4.1, sse4.2, popcnt, avx, avx2, aes, clmul, erms, 3dnowpref, lzcnt, ht, tsc, tscinvbit, bmi1, bmi2, adx, fma

Memory: 4k page, system-wide physical 16239M (1956M free)
TotalPageFile size 19239M (AvailPageFile size 0M)
current process WorkingSet (physical memory assigned to process): 317M, peak: 321M
current process commit charge ("private bytes"): 461M, peak: 467M

vm_info: OpenJDK 64-Bit Server VM (11.0.10+0-b96-7249189) for windows-amd64 JRE (11.0.10+0-b96-7249189), built on Mar 31 2021 21:44:00 by "builder" with MS VC++ 14.0 (VS2015)

END.
